<?xml version="1.0" encoding="UTF-8"?>
<!-- Generated by org.testng.reporters.JUnitReportReporter -->
<testsuite hostname="Admin" failures="0" tests="1" name="com.pratical.test.Scenario_2" time="17.071" errors="0" timestamp="12 Jun 2023 17:01:42 GMT" skipped="0">
  <testcase classname="com.pratical.test.Scenario_2" name="senario2" time="17.071"/>
</testsuite> <!-- com.pratical.test.Scenario_2 -->
